{"/Users/Pace/Documents/koala/loginDemo/src/components/login.vue": {"path":"/Users/Pace/Documents/koala/loginDemo/src/components/login.vue","statementMap":{"0":{"start":{"line":51,"column":0},"end":{"line":null,"column":-1}},"1":{"start":{"line":84,"column":0},"end":{"line":null,"column":-1}},"2":{"start":{"line":85,"column":0},"end":{"line":null,"column":-1}},"3":{"start":{"line":86,"column":0},"end":{"line":121,"column":0}},"4":{"start":{"line":87,"column":0},"end":{"line":113,"column":0}},"5":{"start":{"line":88,"column":0},"end":{"line":null,"column":-1}},"6":{"start":{"line":91,"column":0},"end":{"line":112,"column":0}},"7":{"start":{"line":92,"column":0},"end":{"line":111,"column":0}},"8":{"start":{"line":93,"column":0},"end":{"line":null,"column":-1}},"9":{"start":{"line":94,"column":0},"end":{"line":null,"column":-1}},"10":{"start":{"line":95,"column":0},"end":{"line":null,"column":-1}},"11":{"start":{"line":97,"column":0},"end":{"line":null,"column":-1}},"12":{"start":{"line":98,"column":0},"end":{"line":null,"column":-1}},"13":{"start":{"line":99,"column":0},"end":{"line":null,"column":-1}},"14":{"start":{"line":100,"column":0},"end":{"line":103,"column":0}},"15":{"start":{"line":101,"column":0},"end":{"line":null,"column":-1}},"16":{"start":{"line":102,"column":0},"end":{"line":null,"column":-1}},"17":{"start":{"line":106,"column":0},"end":{"line":null,"column":-1}},"18":{"start":{"line":108,"column":0},"end":{"line":null,"column":-1}},"19":{"start":{"line":109,"column":0},"end":{"line":null,"column":-1}},"20":{"start":{"line":110,"column":0},"end":{"line":null,"column":-1}},"21":{"start":{"line":115,"column":0},"end":{"line":121,"column":0}},"22":{"start":{"line":116,"column":0},"end":{"line":120,"column":0}},"23":{"start":{"line":117,"column":0},"end":{"line":null,"column":-1}},"24":{"start":{"line":118,"column":0},"end":{"line":120,"column":0}},"25":{"start":{"line":119,"column":0},"end":{"line":null,"column":-1}},"26":{"start":{"line":124,"column":0},"end":{"line":null,"column":-1}},"27":{"start":{"line":125,"column":0},"end":{"line":null,"column":-1}},"28":{"start":{"line":126,"column":0},"end":{"line":128,"column":0}},"29":{"start":{"line":127,"column":0},"end":{"line":null,"column":-1}},"30":{"start":{"line":129,"column":0},"end":{"line":null,"column":-1}},"31":{"start":{"line":132,"column":0},"end":{"line":null,"column":-1}},"32":{"start":{"line":135,"column":0},"end":{"line":null,"column":-1}},"33":{"start":{"line":139,"column":0},"end":{"line":144,"column":0}},"34":{"start":{"line":140,"column":0},"end":{"line":null,"column":-1}},"35":{"start":{"line":141,"column":0},"end":{"line":143,"column":0}},"36":{"start":{"line":142,"column":0},"end":{"line":null,"column":-1}},"37":{"start":{"line":147,"column":0},"end":{"line":153,"column":0}},"38":{"start":{"line":148,"column":0},"end":{"line":null,"column":-1}},"39":{"start":{"line":149,"column":0},"end":{"line":null,"column":-1}},"40":{"start":{"line":150,"column":0},"end":{"line":null,"column":-1}},"41":{"start":{"line":151,"column":0},"end":{"line":null,"column":-1}},"42":{"start":{"line":152,"column":0},"end":{"line":null,"column":-1}},"43":{"start":{"line":156,"column":0},"end":{"line":null,"column":-1}},"44":{"start":{"line":157,"column":0},"end":{"line":null,"column":-1}},"45":{"start":{"line":160,"column":0},"end":{"line":null,"column":-1}},"46":{"start":{"line":161,"column":0},"end":{"line":null,"column":-1}},"47":{"start":{"line":162,"column":0},"end":{"line":null,"column":-1}},"48":{"start":{"line":163,"column":0},"end":{"line":null,"column":-1}},"49":{"start":{"line":166,"column":0},"end":{"line":null,"column":-1}},"50":{"start":{"line":168,"column":0},"end":{"line":null,"column":-1}},"51":{"start":{"line":169,"column":0},"end":{"line":179,"column":0}},"52":{"start":{"line":170,"column":0},"end":{"line":null,"column":-1}},"53":{"start":{"line":171,"column":0},"end":{"line":null,"column":-1}},"54":{"start":{"line":174,"column":0},"end":{"line":177,"column":0}},"55":{"start":{"line":175,"column":0},"end":{"line":null,"column":-1}},"56":{"start":{"line":176,"column":0},"end":{"line":null,"column":-1}},"57":{"start":{"line":181,"column":0},"end":{"line":null,"column":-1}},"58":{"start":{"line":182,"column":0},"end":{"line":195,"column":0}},"59":{"start":{"line":183,"column":0},"end":{"line":null,"column":-1}},"60":{"start":{"line":184,"column":0},"end":{"line":null,"column":-1}},"61":{"start":{"line":185,"column":0},"end":{"line":null,"column":-1}},"62":{"start":{"line":186,"column":0},"end":{"line":null,"column":-1}},"63":{"start":{"line":187,"column":0},"end":{"line":null,"column":-1}},"64":{"start":{"line":188,"column":0},"end":{"line":194,"column":0}},"65":{"start":{"line":189,"column":0},"end":{"line":null,"column":-1}},"66":{"start":{"line":190,"column":0},"end":{"line":null,"column":-1}},"67":{"start":{"line":191,"column":0},"end":{"line":null,"column":-1}},"68":{"start":{"line":192,"column":0},"end":{"line":null,"column":-1}},"69":{"start":{"line":193,"column":0},"end":{"line":null,"column":-1}},"70":{"start":{"line":198,"column":0},"end":{"line":null,"column":-1}},"71":{"start":{"line":199,"column":0},"end":{"line":203,"column":0}},"72":{"start":{"line":200,"column":0},"end":{"line":null,"column":-1}},"73":{"start":{"line":202,"column":0},"end":{"line":null,"column":-1}},"74":{"start":{"line":204,"column":0},"end":{"line":208,"column":0}},"75":{"start":{"line":205,"column":0},"end":{"line":null,"column":-1}},"76":{"start":{"line":207,"column":0},"end":{"line":null,"column":-1}},"77":{"start":{"line":213,"column":0},"end":{"line":null,"column":-1}},"78":{"start":{"line":214,"column":0},"end":{"line":221,"column":0}},"79":{"start":{"line":215,"column":0},"end":{"line":null,"column":-1}},"80":{"start":{"line":216,"column":0},"end":{"line":221,"column":0}},"81":{"start":{"line":217,"column":0},"end":{"line":null,"column":-1}},"82":{"start":{"line":218,"column":0},"end":{"line":null,"column":-1}},"83":{"start":{"line":220,"column":0},"end":{"line":null,"column":-1}},"84":{"start":{"line":222,"column":0},"end":{"line":226,"column":0}},"85":{"start":{"line":223,"column":0},"end":{"line":null,"column":-1}},"86":{"start":{"line":225,"column":0},"end":{"line":null,"column":-1}},"87":{"start":{"line":229,"column":0},"end":{"line":233,"column":0}},"88":{"start":{"line":230,"column":0},"end":{"line":null,"column":-1}},"89":{"start":{"line":232,"column":0},"end":{"line":null,"column":-1}},"90":{"start":{"line":234,"column":0},"end":{"line":238,"column":0}},"91":{"start":{"line":235,"column":0},"end":{"line":null,"column":-1}},"92":{"start":{"line":237,"column":0},"end":{"line":null,"column":-1}}},"fnMap":{"0":{"name":"data","decl":{"start":{"line":50,"column":0},"end":{"line":null,"column":-1}},"loc":{"start":{"line":50,"column":0},"end":{"line":77,"column":0}}},"1":{"name":"created","decl":{"start":{"line":80,"column":0},"end":{"line":null,"column":-1}},"loc":{"start":{"line":80,"column":0},"end":{"line":null,"column":-1}}},"2":{"name":"getCodeF","decl":{"start":{"line":84,"column":0},"end":{"line":null,"column":-1}},"loc":{"start":{"line":84,"column":0},"end":{"line":122,"column":0}}},"3":{"name":"(anonymous_4)","decl":{"start":{"line":91,"column":0},"end":{"line":null,"column":-1}},"loc":{"start":{"line":91,"column":0},"end":{"line":112,"column":0}}},"4":{"name":"(anonymous_5)","decl":{"start":{"line":99,"column":0},"end":{"line":null,"column":-1}},"loc":{"start":{"line":99,"column":0},"end":{"line":null,"column":-1}}},"5":{"name":"(anonymous_6)","decl":{"start":{"line":100,"column":0},"end":{"line":null,"column":-1}},"loc":{"start":{"line":100,"column":0},"end":{"line":103,"column":0}}},"6":{"name":"createCode","decl":{"start":{"line":123,"column":0},"end":{"line":null,"column":-1}},"loc":{"start":{"line":123,"column":0},"end":{"line":130,"column":0}}},"7":{"name":"clearPhoneF","decl":{"start":{"line":131,"column":0},"end":{"line":null,"column":-1}},"loc":{"start":{"line":131,"column":0},"end":{"line":133,"column":0}}},"8":{"name":"clearCodeF","decl":{"start":{"line":134,"column":0},"end":{"line":null,"column":-1}},"loc":{"start":{"line":134,"column":0},"end":{"line":136,"column":0}}},"9":{"name":"countDown","decl":{"start":{"line":137,"column":0},"end":{"line":null,"column":-1}},"loc":{"start":{"line":137,"column":0},"end":{"line":145,"column":0}}},"10":{"name":"clearCountF","decl":{"start":{"line":146,"column":0},"end":{"line":null,"column":-1}},"loc":{"start":{"line":146,"column":0},"end":{"line":154,"column":0}}},"11":{"name":"sendfunc","decl":{"start":{"line":155,"column":0},"end":{"line":null,"column":-1}},"loc":{"start":{"line":155,"column":0},"end":{"line":158,"column":0}}},"12":{"name":"timefunc","decl":{"start":{"line":159,"column":0},"end":{"line":null,"column":-1}},"loc":{"start":{"line":159,"column":0},"end":{"line":164,"column":0}}},"13":{"name":"getPopMin","decl":{"start":{"line":165,"column":0},"end":{"line":null,"column":-1}},"loc":{"start":{"line":165,"column":0},"end":{"line":167,"column":0}}},"14":{"name":"loginFun","decl":{"start":{"line":168,"column":0},"end":{"line":null,"column":-1}},"loc":{"start":{"line":168,"column":0},"end":{"line":180,"column":0}}},"15":{"name":"(anonymous_16)","decl":{"start":{"line":174,"column":0},"end":{"line":null,"column":-1}},"loc":{"start":{"line":174,"column":0},"end":{"line":177,"column":0}}},"16":{"name":"popMinShow","decl":{"start":{"line":181,"column":0},"end":{"line":null,"column":-1}},"loc":{"start":{"line":181,"column":0},"end":{"line":196,"column":0}}},"17":{"name":"(anonymous_18)","decl":{"start":{"line":187,"column":0},"end":{"line":null,"column":-1}},"loc":{"start":{"line":187,"column":0},"end":{"line":null,"column":-1}}},"18":{"name":"(anonymous_19)","decl":{"start":{"line":188,"column":0},"end":{"line":null,"column":-1}},"loc":{"start":{"line":188,"column":0},"end":{"line":194,"column":0}}},"19":{"name":"checkPhone","decl":{"start":{"line":197,"column":0},"end":{"line":null,"column":-1}},"loc":{"start":{"line":197,"column":0},"end":{"line":209,"column":0}}},"20":{"name":"phoneVal","decl":{"start":{"line":212,"column":0},"end":{"line":null,"column":-1}},"loc":{"start":{"line":212,"column":0},"end":{"line":227,"column":0}}},"21":{"name":"codeVal","decl":{"start":{"line":228,"column":0},"end":{"line":null,"column":-1}},"loc":{"start":{"line":228,"column":0},"end":{"line":239,"column":0}}}},"branchMap":{"0":{"loc":{"start":{"line":86,"column":0},"end":{"line":121,"column":0}},"type":"if","locations":[{"start":{"line":86,"column":0},"end":{"line":121,"column":0}},{"start":{"line":86,"column":0},"end":{"line":121,"column":0}}]},"1":{"loc":{"start":{"line":87,"column":0},"end":{"line":113,"column":0}},"type":"if","locations":[{"start":{"line":87,"column":0},"end":{"line":113,"column":0}},{"start":{"line":87,"column":0},"end":{"line":113,"column":0}}]},"2":{"loc":{"start":{"line":92,"column":0},"end":{"line":111,"column":0}},"type":"if","locations":[{"start":{"line":92,"column":0},"end":{"line":111,"column":0}},{"start":{"line":92,"column":0},"end":{"line":111,"column":0}}]},"3":{"loc":{"start":{"line":92,"column":0},"end":{"line":null,"column":-1}},"type":"binary-expr","locations":[{"start":{"line":92,"column":0},"end":{"line":null,"column":-1}},{"start":{"line":92,"column":0},"end":{"line":null,"column":-1}}]},"4":{"loc":{"start":{"line":115,"column":0},"end":{"line":121,"column":0}},"type":"if","locations":[{"start":{"line":115,"column":0},"end":{"line":121,"column":0}},{"start":{"line":115,"column":0},"end":{"line":121,"column":0}}]},"5":{"loc":{"start":{"line":116,"column":0},"end":{"line":120,"column":0}},"type":"if","locations":[{"start":{"line":116,"column":0},"end":{"line":120,"column":0}},{"start":{"line":116,"column":0},"end":{"line":120,"column":0}}]},"6":{"loc":{"start":{"line":118,"column":0},"end":{"line":120,"column":0}},"type":"if","locations":[{"start":{"line":118,"column":0},"end":{"line":120,"column":0}},{"start":{"line":118,"column":0},"end":{"line":120,"column":0}}]},"7":{"loc":{"start":{"line":139,"column":0},"end":{"line":144,"column":0}},"type":"if","locations":[{"start":{"line":139,"column":0},"end":{"line":144,"column":0}},{"start":{"line":139,"column":0},"end":{"line":144,"column":0}}]},"8":{"loc":{"start":{"line":141,"column":0},"end":{"line":143,"column":0}},"type":"if","locations":[{"start":{"line":141,"column":0},"end":{"line":143,"column":0}},{"start":{"line":141,"column":0},"end":{"line":143,"column":0}}]},"9":{"loc":{"start":{"line":147,"column":0},"end":{"line":153,"column":0}},"type":"if","locations":[{"start":{"line":147,"column":0},"end":{"line":153,"column":0}},{"start":{"line":147,"column":0},"end":{"line":153,"column":0}}]},"10":{"loc":{"start":{"line":169,"column":0},"end":{"line":179,"column":0}},"type":"if","locations":[{"start":{"line":169,"column":0},"end":{"line":179,"column":0}},{"start":{"line":169,"column":0},"end":{"line":179,"column":0}}]},"11":{"loc":{"start":{"line":169,"column":0},"end":{"line":null,"column":-1}},"type":"binary-expr","locations":[{"start":{"line":169,"column":0},"end":{"line":null,"column":-1}},{"start":{"line":169,"column":0},"end":{"line":null,"column":-1}},{"start":{"line":169,"column":0},"end":{"line":null,"column":-1}}]},"12":{"loc":{"start":{"line":182,"column":0},"end":{"line":195,"column":0}},"type":"if","locations":[{"start":{"line":182,"column":0},"end":{"line":195,"column":0}},{"start":{"line":182,"column":0},"end":{"line":195,"column":0}}]},"13":{"loc":{"start":{"line":199,"column":0},"end":{"line":203,"column":0}},"type":"if","locations":[{"start":{"line":199,"column":0},"end":{"line":203,"column":0}},{"start":{"line":199,"column":0},"end":{"line":203,"column":0}}]},"14":{"loc":{"start":{"line":204,"column":0},"end":{"line":208,"column":0}},"type":"if","locations":[{"start":{"line":204,"column":0},"end":{"line":208,"column":0}},{"start":{"line":204,"column":0},"end":{"line":208,"column":0}}]},"15":{"loc":{"start":{"line":214,"column":0},"end":{"line":221,"column":0}},"type":"if","locations":[{"start":{"line":214,"column":0},"end":{"line":221,"column":0}},{"start":{"line":214,"column":0},"end":{"line":221,"column":0}}]},"16":{"loc":{"start":{"line":214,"column":0},"end":{"line":null,"column":-1}},"type":"binary-expr","locations":[{"start":{"line":214,"column":0},"end":{"line":null,"column":-1}},{"start":{"line":214,"column":0},"end":{"line":null,"column":-1}}]},"17":{"loc":{"start":{"line":216,"column":0},"end":{"line":221,"column":0}},"type":"if","locations":[{"start":{"line":216,"column":0},"end":{"line":221,"column":0}},{"start":{"line":216,"column":0},"end":{"line":221,"column":0}}]},"18":{"loc":{"start":{"line":222,"column":0},"end":{"line":226,"column":0}},"type":"if","locations":[{"start":{"line":222,"column":0},"end":{"line":226,"column":0}},{"start":{"line":222,"column":0},"end":{"line":226,"column":0}}]},"19":{"loc":{"start":{"line":229,"column":0},"end":{"line":233,"column":0}},"type":"if","locations":[{"start":{"line":229,"column":0},"end":{"line":233,"column":0}},{"start":{"line":229,"column":0},"end":{"line":233,"column":0}}]},"20":{"loc":{"start":{"line":234,"column":0},"end":{"line":238,"column":0}},"type":"if","locations":[{"start":{"line":234,"column":0},"end":{"line":238,"column":0}},{"start":{"line":234,"column":0},"end":{"line":238,"column":0}}]},"21":{"loc":{"start":{"line":234,"column":0},"end":{"line":null,"column":-1}},"type":"binary-expr","locations":[{"start":{"line":234,"column":0},"end":{"line":null,"column":-1}},{"start":{"line":234,"column":0},"end":{"line":null,"column":-1}}]}},"s":{"0":4,"1":4,"2":4,"3":4,"4":2,"5":2,"6":2,"7":0,"8":0,"9":0,"10":0,"11":0,"12":0,"13":0,"14":0,"15":0,"16":0,"17":0,"18":0,"19":0,"20":0,"21":2,"22":2,"23":1,"24":1,"25":1,"26":0,"27":0,"28":0,"29":0,"30":0,"31":0,"32":0,"33":0,"34":0,"35":0,"36":0,"37":0,"38":0,"39":0,"40":0,"41":0,"42":0,"43":2,"44":2,"45":0,"46":0,"47":0,"48":0,"49":0,"50":0,"51":0,"52":0,"53":0,"54":0,"55":0,"56":0,"57":2,"58":2,"59":2,"60":2,"61":2,"62":2,"63":2,"64":2,"65":0,"66":0,"67":0,"68":0,"69":0,"70":4,"71":4,"72":3,"73":1,"74":4,"75":2,"76":2,"77":0,"78":0,"79":0,"80":0,"81":0,"82":0,"83":0,"84":0,"85":0,"86":0,"87":0,"88":0,"89":0,"90":0,"91":0,"92":0},"f":{"0":4,"1":4,"2":4,"3":0,"4":0,"5":0,"6":0,"7":0,"8":0,"9":0,"10":0,"11":2,"12":0,"13":0,"14":0,"15":0,"16":2,"17":0,"18":0,"19":4,"20":0,"21":0},"b":{"0":[2,2],"1":[2,0],"2":[0,0],"3":[0,0],"4":[2,0],"5":[1,1],"6":[1,0],"7":[0,0],"8":[0,0],"9":[0,0],"10":[0,0],"11":[0,0,0],"12":[2,0],"13":[3,1],"14":[2,2],"15":[0,0],"16":[0,0],"17":[0,0],"18":[0,0],"19":[0,0],"20":[0,0],"21":[0,0]}}
}
