TN:
SF:/Users/Pace/Documents/koala/loginDemo/src/components/login.vue
FN:50,data
FN:80,created
FN:84,getCodeF
FN:91,(anonymous_4)
FN:99,(anonymous_5)
FN:100,(anonymous_6)
FN:123,createCode
FN:131,clearPhoneF
FN:134,clearCodeF
FN:137,countDown
FN:146,clearCountF
FN:155,sendfunc
FN:159,timefunc
FN:165,getPopMin
FN:168,loginFun
FN:174,(anonymous_16)
FN:181,popMinShow
FN:187,(anonymous_18)
FN:188,(anonymous_19)
FN:197,checkPhone
FN:212,phoneVal
FN:228,codeVal
FNF:22
FNH:6
FNDA:4,data
FNDA:4,created
FNDA:4,getCodeF
FNDA:0,(anonymous_4)
FNDA:0,(anonymous_5)
FNDA:0,(anonymous_6)
FNDA:0,createCode
FNDA:0,clearPhoneF
FNDA:0,clearCodeF
FNDA:0,countDown
FNDA:0,clearCountF
FNDA:2,sendfunc
FNDA:0,timefunc
FNDA:0,getPopMin
FNDA:0,loginFun
FNDA:0,(anonymous_16)
FNDA:2,popMinShow
FNDA:0,(anonymous_18)
FNDA:0,(anonymous_19)
FNDA:4,checkPhone
FNDA:0,phoneVal
FNDA:0,codeVal
DA:51,4
DA:84,4
DA:85,4
DA:86,4
DA:87,2
DA:88,2
DA:91,2
DA:92,0
DA:93,0
DA:94,0
DA:95,0
DA:97,0
DA:98,0
DA:99,0
DA:100,0
DA:101,0
DA:102,0
DA:106,0
DA:108,0
DA:109,0
DA:110,0
DA:115,2
DA:116,2
DA:117,1
DA:118,1
DA:119,1
DA:124,0
DA:125,0
DA:126,0
DA:127,0
DA:129,0
DA:132,0
DA:135,0
DA:139,0
DA:140,0
DA:141,0
DA:142,0
DA:147,0
DA:148,0
DA:149,0
DA:150,0
DA:151,0
DA:152,0
DA:156,2
DA:157,2
DA:160,0
DA:161,0
DA:162,0
DA:163,0
DA:166,0
DA:168,0
DA:169,0
DA:170,0
DA:171,0
DA:174,0
DA:175,0
DA:176,0
DA:181,2
DA:182,2
DA:183,2
DA:184,2
DA:185,2
DA:186,2
DA:187,2
DA:188,2
DA:189,0
DA:190,0
DA:191,0
DA:192,0
DA:193,0
DA:198,4
DA:199,4
DA:200,3
DA:202,1
DA:204,4
DA:205,2
DA:207,2
DA:213,0
DA:214,0
DA:215,0
DA:216,0
DA:217,0
DA:218,0
DA:220,0
DA:222,0
DA:223,0
DA:225,0
DA:229,0
DA:230,0
DA:232,0
DA:234,0
DA:235,0
DA:237,0
LF:93
LH:29
BRDA:86,0,0,2
BRDA:86,0,1,2
BRDA:87,1,0,2
BRDA:87,1,1,0
BRDA:92,2,0,0
BRDA:92,2,1,0
BRDA:92,3,0,0
BRDA:92,3,1,0
BRDA:115,4,0,2
BRDA:115,4,1,0
BRDA:116,5,0,1
BRDA:116,5,1,1
BRDA:118,6,0,1
BRDA:118,6,1,0
BRDA:139,7,0,0
BRDA:139,7,1,0
BRDA:141,8,0,0
BRDA:141,8,1,0
BRDA:147,9,0,0
BRDA:147,9,1,0
BRDA:169,10,0,0
BRDA:169,10,1,0
BRDA:169,11,0,0
BRDA:169,11,1,0
BRDA:169,11,2,0
BRDA:182,12,0,2
BRDA:182,12,1,0
BRDA:199,13,0,3
BRDA:199,13,1,1
BRDA:204,14,0,2
BRDA:204,14,1,2
BRDA:214,15,0,0
BRDA:214,15,1,0
BRDA:214,16,0,0
BRDA:214,16,1,0
BRDA:216,17,0,0
BRDA:216,17,1,0
BRDA:222,18,0,0
BRDA:222,18,1,0
BRDA:229,19,0,0
BRDA:229,19,1,0
BRDA:234,20,0,0
BRDA:234,20,1,0
BRDA:234,21,0,0
BRDA:234,21,1,0
BRF:45
BRH:12
end_of_record
